\BOOKMARK [0][-]{section*.2}{}{}% 2
\BOOKMARK [1][-]{section*.1}{\376\377\000A\000b\000s\000t\000r\000a\000c\000t}{section*.2}% 1
\BOOKMARK [1][-]{section*.3}{\376\377\000I\000n\000t\000r\000o\000d\000u\000c\000t\000i\000o\000n}{section*.2}% 3
\BOOKMARK [2][-]{section*.4}{\376\377\000M\000o\000t\000i\000v\000a\000t\000i\000o\000n\000\040\000a\000n\000d\000\040\000p\000h\000y\000s\000i\000c\000a\000l\000\040\000c\000o\000n\000t\000e\000x\000t}{section*.3}% 4
\BOOKMARK [2][-]{section*.5}{\376\377\000M\000a\000i\000n\000\040\000r\000e\000s\000u\000l\000t\000s\000\040\000a\000n\000d\000\040\000o\000r\000g\000a\000n\000i\000z\000a\000t\000i\000o\000n}{section*.3}% 5
\BOOKMARK [1][-]{section*.6}{\376\377\000C\000o\000n\000c\000e\000p\000t\000u\000a\000l\000\040\000F\000r\000a\000m\000e\000w\000o\000r\000k}{section*.2}% 6
\BOOKMARK [2][-]{section*.7}{\376\377\000P\000h\000y\000s\000i\000c\000a\000l\000\040\000a\000x\000i\000o\000m\000s}{section*.6}% 7
\BOOKMARK [2][-]{section*.8}{\376\377\000A\000n\000t\000i\000-\000h\000o\000l\000o\000g\000r\000a\000p\000h\000i\000c\000\040\000m\000a\000p\000s}{section*.6}% 8
\BOOKMARK [2][-]{section*.9}{\376\377\000I\000n\000f\000o\000r\000m\000a\000t\000i\000o\000n\000-\000t\000h\000e\000o\000r\000e\000t\000i\000c\000\040\000i\000n\000t\000e\000r\000p\000r\000e\000t\000a\000t\000i\000o\000n}{section*.6}% 9
\BOOKMARK [1][-]{section*.10}{\376\377\000M\000a\000t\000h\000e\000m\000a\000t\000i\000c\000a\000l\000\040\000F\000o\000r\000m\000u\000l\000a\000t\000i\000o\000n}{section*.2}% 10
\BOOKMARK [2][-]{section*.11}{\376\377\000E\000n\000t\000a\000n\000g\000l\000e\000m\000e\000n\000t\000\040\000s\000t\000r\000u\000c\000t\000u\000r\000e\000\040\000a\000n\000d\000\040\000g\000r\000a\000p\000h\000\040\000r\000e\000p\000r\000e\000s\000e\000n\000t\000a\000t\000i\000o\000n}{section*.10}% 11
\BOOKMARK [2][-]{section*.12}{\376\377\000E\000x\000i\000s\000t\000e\000n\000c\000e\000\040\000t\000h\000e\000o\000r\000e\000m}{section*.10}% 12
\BOOKMARK [2][-]{section*.13}{\376\377\000C\000o\000n\000s\000i\000s\000t\000e\000n\000c\000y\000\040\000w\000i\000t\000h\000\040\000p\000h\000y\000s\000i\000c\000a\000l\000\040\000c\000o\000n\000s\000t\000r\000a\000i\000n\000t\000s}{section*.10}% 13
\BOOKMARK [1][-]{section*.14}{\376\377\000L\000a\000t\000t\000i\000c\000e\000\040\000T\000e\000n\000s\000o\000r\000-\000N\000e\000t\000w\000o\000r\000k\000\040\000M\000o\000d\000e\000l}{section*.2}% 14
\BOOKMARK [2][-]{section*.15}{\376\377\000N\000e\000t\000w\000o\000r\000k\000\040\000a\000r\000c\000h\000i\000t\000e\000c\000t\000u\000r\000e}{section*.14}% 15
\BOOKMARK [2][-]{section*.16}{\376\377\000E\000n\000t\000r\000o\000p\000y\000\040\000c\000a\000l\000c\000u\000l\000a\000t\000i\000o\000n}{section*.14}% 16
\BOOKMARK [2][-]{section*.17}{\376\377\000P\000h\000y\000s\000i\000c\000a\000l\000\040\000i\000n\000t\000e\000r\000p\000r\000e\000t\000a\000t\000i\000o\000n}{section*.14}% 17
\BOOKMARK [1][-]{section*.18}{\376\377\000C\000o\000n\000t\000i\000n\000u\000u\000m\000\040\000F\000i\000e\000l\000d\000\040\000T\000h\000e\000o\000r\000y\000\040\000M\000o\000d\000e\000l}{section*.2}% 18
\BOOKMARK [2][-]{section*.19}{\376\377\000A\000c\000t\000i\000o\000n\000\040\000a\000n\000d\000\040\000q\000u\000a\000n\000t\000i\000z\000a\000t\000i\000o\000n}{section*.18}% 19
\BOOKMARK [1][-]{section*.20}{\376\377\000D\000y\000n\000a\000m\000i\000c\000s\000\040\000a\000n\000d\000\040\000C\000o\000r\000r\000e\000l\000a\000t\000i\000o\000n\000\040\000F\000u\000n\000c\000t\000i\000o\000n\000s}{section*.2}% 20
\BOOKMARK [2][-]{section*.21}{\376\377\000T\000w\000o\000-\000p\000o\000i\000n\000t\000\040\000c\000o\000r\000r\000e\000l\000a\000t\000i\000o\000n\000\040\000f\000u\000n\000c\000t\000i\000o\000n\000s}{section*.20}% 21
\BOOKMARK [1][-]{section*.22}{\376\377\000N\000u\000m\000e\000r\000i\000c\000a\000l\000\040\000S\000i\000m\000u\000l\000a\000t\000i\000o\000n\000s}{section*.2}% 22
\BOOKMARK [2][-]{section*.23}{\376\377\000T\000e\000n\000s\000o\000r\000\040\000n\000e\000t\000w\000o\000r\000k\000\040\000s\000i\000m\000u\000l\000a\000t\000i\000o\000n}{section*.22}% 23
\BOOKMARK [1][-]{section*.24}{\376\377\000R\000e\000f\000e\000r\000e\000n\000c\000e\000s}{section*.2}% 24
